# JRE version: OpenJDK Runtime Environment (8.0_352-b08) (build 1.8.0_352-b08)
# Java VM: OpenJDK 64-Bit Server VM (25.352-b08 mixed mode windows-amd64 compressed oops)
Heap:
 PSYoungGen      total 76288K, used 32827K [0x000000076af00000, 0x0000000774400000, 0x00000007c0000000)
  eden space 65536K, 50% used [0x000000076af00000,0x000000076cf0ef10,0x000000076ef00000)
  from space 10752K, 0% used [0x000000076f980000,0x000000076f980000,0x0000000770400000)
  to   space 10752K, 0% used [0x000000076ef00000,0x000000076ef00000,0x000000076f980000)
 ParOldGen       total 116224K, used 13309K [0x00000006c0c00000, 0x00000006c7d80000, 0x000000076af00000)
  object space 116224K, 11% used [0x00000006c0c00000,0x00000006c18ff458,0x00000006c7d80000)
 Metaspace       used 25433K, capacity 26912K, committed 27136K, reserved 1073152K
  class space    used 3517K, capacity 3793K, committed 3840K, reserved 1048576K
GC Heap History (6 events):
Event: 0.708 GC heap before
{Heap before GC invocations=1 (full 0):
 PSYoungGen      total 76288K, used 63156K [0x000000076af00000, 0x0000000770400000, 0x00000007c0000000)
  eden space 65536K, 96% used [0x000000076af00000,0x000000076ecad348,0x000000076ef00000)
  from space 10752K, 0% used [0x000000076f980000,0x000000076f980000,0x0000000770400000)
  to   space 10752K, 0% used [0x000000076ef00000,0x000000076ef00000,0x000000076f980000)
 ParOldGen       total 175104K, used 0K [0x00000006c0c00000, 0x00000006cb700000, 0x000000076af00000)
  object space 175104K, 0% used [0x00000006c0c00000,0x00000006c0c00000,0x00000006cb700000)
 Metaspace       used 16958K, capacity 17688K, committed 17920K, reserved 1064960K
  class space    used 2358K, capacity 2533K, committed 2560K, reserved 1048576K
Event: 0.713 GC heap after
Heap after GC invocations=1 (full 0):
 PSYoungGen      total 76288K, used 10727K [0x000000076af00000, 0x0000000770400000, 0x00000007c0000000)
  eden space 65536K, 0% used [0x000000076af00000,0x000000076af00000,0x000000076ef00000)
  from space 10752K, 99% used [0x000000076ef00000,0x000000076f979c60,0x000000076f980000)
  to   space 10752K, 0% used [0x000000076f980000,0x000000076f980000,0x0000000770400000)
 ParOldGen       total 175104K, used 5037K [0x00000006c0c00000, 0x00000006cb700000, 0x000000076af00000)
  object space 175104K, 2% used [0x00000006c0c00000,0x00000006c10eb798,0x00000006cb700000)
 Metaspace       used 16958K, capacity 17688K, committed 17920K, reserved 1064960K
  class space    used 2358K, capacity 2533K, committed 2560K, reserved 1048576K
}
Event: 0.850 GC heap before
{Heap before GC invocations=2 (full 0):
 PSYoungGen      total 76288K, used 30120K [0x000000076af00000, 0x0000000770400000, 0x00000007c0000000)
  eden space 65536K, 29% used [0x000000076af00000,0x000000076c1f0480,0x000000076ef00000)
  from space 10752K, 99% used [0x000000076ef00000,0x000000076f979c60,0x000000076f980000)
  to   space 10752K, 0% used [0x000000076f980000,0x000000076f980000,0x0000000770400000)
 ParOldGen       total 175104K, used 5037K [0x00000006c0c00000, 0x00000006cb700000, 0x000000076af00000)
  object space 175104K, 2% used [0x00000006c0c00000,0x00000006c10eb798,0x00000006cb700000)
 Metaspace       used 20395K, capacity 21202K, committed 21296K, reserved 1067008K
  class space    used 2736K, capacity 2912K, committed 2944K, reserved 1048576K
Event: 0.853 GC heap after
Heap after GC invocations=2 (full 0):
 PSYoungGen      total 76288K, used 10736K [0x000000076af00000, 0x0000000774400000, 0x00000007c0000000)
  eden space 65536K, 0% used [0x000000076af00000,0x000000076af00000,0x000000076ef00000)
  from space 10752K, 99% used [0x000000076f980000,0x00000007703fc360,0x0000000770400000)
  to   space 10752K, 0% used [0x000000076ef00000,0x000000076ef00000,0x000000076f980000)
 ParOldGen       total 175104K, used 7682K [0x00000006c0c00000, 0x00000006cb700000, 0x000000076af00000)
  object space 175104K, 4% used [0x00000006c0c00000,0x00000006c1380b18,0x00000006cb700000)
 Metaspace       used 20395K, capacity 21202K, committed 21296K, reserved 1067008K
  class space    used 2736K, capacity 2912K, committed 2944K, reserved 1048576K
}
Event: 0.853 GC heap before
{Heap before GC invocations=3 (full 1):
 PSYoungGen      total 76288K, used 10736K [0x000000076af00000, 0x0000000774400000, 0x00000007c0000000)
  eden space 65536K, 0% used [0x000000076af00000,0x000000076af00000,0x000000076ef00000)
  from space 10752K, 99% used [0x000000076f980000,0x00000007703fc360,0x0000000770400000)
  to   space 10752K, 0% used [0x000000076ef00000,0x000000076ef00000,0x000000076f980000)
 ParOldGen       total 175104K, used 7682K [0x00000006c0c00000, 0x00000006cb700000, 0x000000076af00000)
  object space 175104K, 4% used [0x00000006c0c00000,0x00000006c1380b18,0x00000006cb700000)
 Metaspace       used 20395K, capacity 21202K, committed 21296K, reserved 1067008K
  class space    used 2736K, capacity 2912K, committed 2944K, reserved 1048576K
Event: 0.864 GC heap after
Heap after GC invocations=3 (full 1):
 PSYoungGen      total 76288K, used 0K [0x000000076af00000, 0x0000000774400000, 0x00000007c0000000)
  eden space 65536K, 0% used [0x000000076af00000,0x000000076af00000,0x000000076ef00000)
  from space 10752K, 0% used [0x000000076f980000,0x000000076f980000,0x0000000770400000)
  to   space 10752K, 0% used [0x000000076ef00000,0x000000076ef00000,0x000000076f980000)
 ParOldGen       total 116224K, used 13309K [0x00000006c0c00000, 0x00000006c7d80000, 0x000000076af00000)
  object space 116224K, 11% used [0x00000006c0c00000,0x00000006c18ff458,0x00000006c7d80000)
 Metaspace       used 20395K, capacity 21202K, committed 21296K, reserved 1067008K
  class space    used 2736K, capacity 2912K, committed 2944K, reserved 1048576K
}

