# JRE version: OpenJDK Runtime Environment (8.0_352-b08) (build 1.8.0_352-b08)
# Java VM: OpenJDK 64-Bit Server VM (25.352-b08 mixed mode windows-amd64 compressed oops)
Heap:
 PSYoungGen      total 76288K, used 35186K [0x000000076af00000, 0x0000000774400000, 0x00000007c0000000)
  eden space 65536K, 53% used [0x000000076af00000,0x000000076d15ca20,0x000000076ef00000)
  from space 10752K, 0% used [0x000000076f980000,0x000000076f980000,0x0000000770400000)
  to   space 10752K, 0% used [0x000000076ef00000,0x000000076ef00000,0x000000076f980000)
 ParOldGen       total 111616K, used 13325K [0x00000006c0c00000, 0x00000006c7900000, 0x000000076af00000)
  object space 111616K, 11% used [0x00000006c0c00000,0x00000006c1903740,0x00000006c7900000)
 Metaspace       used 25655K, capacity 27136K, committed 27392K, reserved 1073152K
  class space    used 3522K, capacity 3825K, committed 3840K, reserved 1048576K
GC Heap History (6 events):
Event: 1.459 GC heap before
{Heap before GC invocations=1 (full 0):
 PSYoungGen      total 76288K, used 63121K [0x000000076af00000, 0x0000000770400000, 0x00000007c0000000)
  eden space 65536K, 96% used [0x000000076af00000,0x000000076eca46f8,0x000000076ef00000)
  from space 10752K, 0% used [0x000000076f980000,0x000000076f980000,0x0000000770400000)
  to   space 10752K, 0% used [0x000000076ef00000,0x000000076ef00000,0x000000076f980000)
 ParOldGen       total 175104K, used 0K [0x00000006c0c00000, 0x00000006cb700000, 0x000000076af00000)
  object space 175104K, 0% used [0x00000006c0c00000,0x00000006c0c00000,0x00000006cb700000)
 Metaspace       used 16967K, capacity 17688K, committed 17920K, reserved 1064960K
  class space    used 2357K, capacity 2533K, committed 2560K, reserved 1048576K
Event: 1.464 GC heap after
Heap after GC invocations=1 (full 0):
 PSYoungGen      total 76288K, used 10736K [0x000000076af00000, 0x0000000770400000, 0x00000007c0000000)
  eden space 65536K, 0% used [0x000000076af00000,0x000000076af00000,0x000000076ef00000)
  from space 10752K, 99% used [0x000000076ef00000,0x000000076f97c0c0,0x000000076f980000)
  to   space 10752K, 0% used [0x000000076f980000,0x000000076f980000,0x0000000770400000)
 ParOldGen       total 175104K, used 5008K [0x00000006c0c00000, 0x00000006cb700000, 0x000000076af00000)
  object space 175104K, 2% used [0x00000006c0c00000,0x00000006c10e4078,0x00000006cb700000)
 Metaspace       used 16967K, capacity 17688K, committed 17920K, reserved 1064960K
  class space    used 2357K, capacity 2533K, committed 2560K, reserved 1048576K
}
Event: 1.660 GC heap before
{Heap before GC invocations=2 (full 0):
 PSYoungGen      total 76288K, used 30137K [0x000000076af00000, 0x0000000770400000, 0x00000007c0000000)
  eden space 65536K, 29% used [0x000000076af00000,0x000000076c1f2368,0x000000076ef00000)
  from space 10752K, 99% used [0x000000076ef00000,0x000000076f97c0c0,0x000000076f980000)
  to   space 10752K, 0% used [0x000000076f980000,0x000000076f980000,0x0000000770400000)
 ParOldGen       total 175104K, used 5008K [0x00000006c0c00000, 0x00000006cb700000, 0x000000076af00000)
  object space 175104K, 2% used [0x00000006c0c00000,0x00000006c10e4078,0x00000006cb700000)
 Metaspace       used 20423K, capacity 21202K, committed 21296K, reserved 1067008K
  class space    used 2736K, capacity 2912K, committed 2944K, reserved 1048576K
Event: 1.664 GC heap after
Heap after GC invocations=2 (full 0):
 PSYoungGen      total 76288K, used 10736K [0x000000076af00000, 0x0000000774400000, 0x00000007c0000000)
  eden space 65536K, 0% used [0x000000076af00000,0x000000076af00000,0x000000076ef00000)
  from space 10752K, 99% used [0x000000076f980000,0x00000007703fc360,0x0000000770400000)
  to   space 10752K, 0% used [0x000000076ef00000,0x000000076ef00000,0x000000076f980000)
 ParOldGen       total 175104K, used 7661K [0x00000006c0c00000, 0x00000006cb700000, 0x000000076af00000)
  object space 175104K, 4% used [0x00000006c0c00000,0x00000006c137b450,0x00000006cb700000)
 Metaspace       used 20423K, capacity 21202K, committed 21296K, reserved 1067008K
  class space    used 2736K, capacity 2912K, committed 2944K, reserved 1048576K
}
Event: 1.664 GC heap before
{Heap before GC invocations=3 (full 1):
 PSYoungGen      total 76288K, used 10736K [0x000000076af00000, 0x0000000774400000, 0x00000007c0000000)
  eden space 65536K, 0% used [0x000000076af00000,0x000000076af00000,0x000000076ef00000)
  from space 10752K, 99% used [0x000000076f980000,0x00000007703fc360,0x0000000770400000)
  to   space 10752K, 0% used [0x000000076ef00000,0x000000076ef00000,0x000000076f980000)
 ParOldGen       total 175104K, used 7661K [0x00000006c0c00000, 0x00000006cb700000, 0x000000076af00000)
  object space 175104K, 4% used [0x00000006c0c00000,0x00000006c137b450,0x00000006cb700000)
 Metaspace       used 20423K, capacity 21202K, committed 21296K, reserved 1067008K
  class space    used 2736K, capacity 2912K, committed 2944K, reserved 1048576K
Event: 1.676 GC heap after
Heap after GC invocations=3 (full 1):
 PSYoungGen      total 76288K, used 0K [0x000000076af00000, 0x0000000774400000, 0x00000007c0000000)
  eden space 65536K, 0% used [0x000000076af00000,0x000000076af00000,0x000000076ef00000)
  from space 10752K, 0% used [0x000000076f980000,0x000000076f980000,0x0000000770400000)
  to   space 10752K, 0% used [0x000000076ef00000,0x000000076ef00000,0x000000076f980000)
 ParOldGen       total 111616K, used 13325K [0x00000006c0c00000, 0x00000006c7900000, 0x000000076af00000)
  object space 111616K, 11% used [0x00000006c0c00000,0x00000006c1903740,0x00000006c7900000)
 Metaspace       used 20423K, capacity 21202K, committed 21296K, reserved 1067008K
  class space    used 2736K, capacity 2912K, committed 2944K, reserved 1048576K
}

