# JRE version: OpenJDK Runtime Environment (8.0_352-b08) (build 1.8.0_352-b08)
# Java VM: OpenJDK 64-Bit Server VM (25.352-b08 mixed mode windows-amd64 compressed oops)
Heap:
 PSYoungGen      total 100352K, used 70717K [0x000000076af00000, 0x0000000778e80000, 0x00000007c0000000)
  eden space 89600K, 78% used [0x000000076af00000,0x000000076f40f708,0x0000000770680000)
  from space 10752K, 0% used [0x0000000770b80000,0x0000000770b80000,0x0000000771600000)
  to   space 69632K, 0% used [0x0000000774a80000,0x0000000774a80000,0x0000000778e80000)
 ParOldGen       total 291840K, used 87314K [0x00000006c0c00000, 0x00000006d2900000, 0x000000076af00000)
  object space 291840K, 29% used [0x00000006c0c00000,0x00000006c6144948,0x00000006d2900000)
 Metaspace       used 28764K, capacity 30620K, committed 30848K, reserved 1075200K
  class space    used 3869K, capacity 4221K, committed 4224K, reserved 1048576K
GC Heap History (10 events):
Event: 0.867 GC heap before
{Heap before GC invocations=3 (full 1):
 PSYoungGen      total 76288K, used 10736K [0x000000076af00000, 0x0000000774400000, 0x00000007c0000000)
  eden space 65536K, 0% used [0x000000076af00000,0x000000076af00000,0x000000076ef00000)
  from space 10752K, 99% used [0x000000076f980000,0x00000007703fc380,0x0000000770400000)
  to   space 10752K, 0% used [0x000000076ef00000,0x000000076ef00000,0x000000076f980000)
 ParOldGen       total 175104K, used 7752K [0x00000006c0c00000, 0x00000006cb700000, 0x000000076af00000)
  object space 175104K, 4% used [0x00000006c0c00000,0x00000006c13922b8,0x00000006cb700000)
 Metaspace       used 20442K, capacity 21202K, committed 21296K, reserved 1067008K
  class space    used 2741K, capacity 2912K, committed 2944K, reserved 1048576K
Event: 0.878 GC heap after
Heap after GC invocations=3 (full 1):
 PSYoungGen      total 76288K, used 0K [0x000000076af00000, 0x0000000774400000, 0x00000007c0000000)
  eden space 65536K, 0% used [0x000000076af00000,0x000000076af00000,0x000000076ef00000)
  from space 10752K, 0% used [0x000000076f980000,0x000000076f980000,0x0000000770400000)
  to   space 10752K, 0% used [0x000000076ef00000,0x000000076ef00000,0x000000076f980000)
 ParOldGen       total 115712K, used 13361K [0x00000006c0c00000, 0x00000006c7d00000, 0x000000076af00000)
  object space 115712K, 11% used [0x00000006c0c00000,0x00000006c190c720,0x00000006c7d00000)
 Metaspace       used 20442K, capacity 21202K, committed 21296K, reserved 1067008K
  class space    used 2741K, capacity 2912K, committed 2944K, reserved 1048576K
}
Event: 9.386 GC heap before
{Heap before GC invocations=4 (full 1):
 PSYoungGen      total 76288K, used 65536K [0x000000076af00000, 0x0000000774400000, 0x00000007c0000000)
  eden space 65536K, 100% used [0x000000076af00000,0x000000076ef00000,0x000000076ef00000)
  from space 10752K, 0% used [0x000000076f980000,0x000000076f980000,0x0000000770400000)
  to   space 10752K, 0% used [0x000000076ef00000,0x000000076ef00000,0x000000076f980000)
 ParOldGen       total 115712K, used 13361K [0x00000006c0c00000, 0x00000006c7d00000, 0x000000076af00000)
  object space 115712K, 11% used [0x00000006c0c00000,0x00000006c190c720,0x00000006c7d00000)
 Metaspace       used 25301K, capacity 26696K, committed 27008K, reserved 1073152K
  class space    used 3408K, capacity 3667K, committed 3712K, reserved 1048576K
Event: 9.389 GC heap after
Heap after GC invocations=4 (full 1):
 PSYoungGen      total 76288K, used 10720K [0x000000076af00000, 0x0000000772080000, 0x00000007c0000000)
  eden space 65536K, 0% used [0x000000076af00000,0x000000076af00000,0x000000076ef00000)
  from space 10752K, 99% used [0x000000076ef00000,0x000000076f978350,0x000000076f980000)
  to   space 10752K, 0% used [0x0000000771600000,0x0000000771600000,0x0000000772080000)
 ParOldGen       total 115712K, used 17662K [0x00000006c0c00000, 0x00000006c7d00000, 0x000000076af00000)
  object space 115712K, 15% used [0x00000006c0c00000,0x00000006c1d3f908,0x00000006c7d00000)
 Metaspace       used 25301K, capacity 26696K, committed 27008K, reserved 1073152K
  class space    used 3408K, capacity 3667K, committed 3712K, reserved 1048576K
}
Event: 11.241 GC heap before
{Heap before GC invocations=5 (full 1):
 PSYoungGen      total 76288K, used 73108K [0x000000076af00000, 0x0000000772080000, 0x00000007c0000000)
  eden space 65536K, 95% used [0x000000076af00000,0x000000076ebecf10,0x000000076ef00000)
  from space 10752K, 99% used [0x000000076ef00000,0x000000076f978350,0x000000076f980000)
  to   space 10752K, 0% used [0x0000000771600000,0x0000000771600000,0x0000000772080000)
 ParOldGen       total 115712K, used 17662K [0x00000006c0c00000, 0x00000006c7d00000, 0x000000076af00000)
  object space 115712K, 15% used [0x00000006c0c00000,0x00000006c1d3f908,0x00000006c7d00000)
 Metaspace       used 26553K, capacity 28122K, committed 28288K, reserved 1073152K
  class space    used 3552K, capacity 3856K, committed 3968K, reserved 1048576K
Event: 11.247 GC heap after
Heap after GC invocations=5 (full 1):
 PSYoungGen      total 102400K, used 10735K [0x000000076af00000, 0x0000000772080000, 0x00000007c0000000)
  eden space 91648K, 0% used [0x000000076af00000,0x000000076af00000,0x0000000770880000)
  from space 10752K, 99% used [0x0000000771600000,0x000000077207bdf0,0x0000000772080000)
  to   space 10752K, 0% used [0x0000000770b80000,0x0000000770b80000,0x0000000771600000)
 ParOldGen       total 115712K, used 41695K [0x00000006c0c00000, 0x00000006c7d00000, 0x000000076af00000)
  object space 115712K, 36% used [0x00000006c0c00000,0x00000006c34b7fc0,0x00000006c7d00000)
 Metaspace       used 26553K, capacity 28122K, committed 28288K, reserved 1073152K
  class space    used 3552K, capacity 3856K, committed 3968K, reserved 1048576K
}
Event: 55.619 GC heap before
{Heap before GC invocations=6 (full 1):
 PSYoungGen      total 102400K, used 95987K [0x000000076af00000, 0x0000000772080000, 0x00000007c0000000)
  eden space 91648K, 93% used [0x000000076af00000,0x0000000770240ea0,0x0000000770880000)
  from space 10752K, 99% used [0x0000000771600000,0x000000077207bdf0,0x0000000772080000)
  to   space 10752K, 0% used [0x0000000770b80000,0x0000000770b80000,0x0000000771600000)
 ParOldGen       total 115712K, used 41695K [0x00000006c0c00000, 0x00000006c7d00000, 0x000000076af00000)
  object space 115712K, 36% used [0x00000006c0c00000,0x00000006c34b7fc0,0x00000006c7d00000)
 Metaspace       used 27209K, capacity 28926K, committed 29184K, reserved 1075200K
  class space    used 3639K, capacity 3970K, committed 4096K, reserved 1048576K
Event: 55.629 GC heap after
Heap after GC invocations=6 (full 1):
 PSYoungGen      total 100352K, used 10751K [0x000000076af00000, 0x0000000778e80000, 0x00000007c0000000)
  eden space 89600K, 0% used [0x000000076af00000,0x000000076af00000,0x0000000770680000)
  from space 10752K, 99% used [0x0000000770b80000,0x00000007715ffe60,0x0000000771600000)
  to   space 69632K, 0% used [0x0000000774a80000,0x0000000774a80000,0x0000000778e80000)
 ParOldGen       total 115712K, used 109107K [0x00000006c0c00000, 0x00000006c7d00000, 0x000000076af00000)
  object space 115712K, 94% used [0x00000006c0c00000,0x00000006c768cde8,0x00000006c7d00000)
 Metaspace       used 27209K, capacity 28926K, committed 29184K, reserved 1075200K
  class space    used 3639K, capacity 3970K, committed 4096K, reserved 1048576K
}
Event: 55.629 GC heap before
{Heap before GC invocations=7 (full 2):
 PSYoungGen      total 100352K, used 10751K [0x000000076af00000, 0x0000000778e80000, 0x00000007c0000000)
  eden space 89600K, 0% used [0x000000076af00000,0x000000076af00000,0x0000000770680000)
  from space 10752K, 99% used [0x0000000770b80000,0x00000007715ffe60,0x0000000771600000)
  to   space 69632K, 0% used [0x0000000774a80000,0x0000000774a80000,0x0000000778e80000)
 ParOldGen       total 115712K, used 109107K [0x00000006c0c00000, 0x00000006c7d00000, 0x000000076af00000)
  object space 115712K, 94% used [0x00000006c0c00000,0x00000006c768cde8,0x00000006c7d00000)
 Metaspace       used 27209K, capacity 28926K, committed 29184K, reserved 1075200K
  class space    used 3639K, capacity 3970K, committed 4096K, reserved 1048576K
Event: 55.652 GC heap after
Heap after GC invocations=7 (full 2):
 PSYoungGen      total 100352K, used 0K [0x000000076af00000, 0x0000000778e80000, 0x00000007c0000000)
  eden space 89600K, 0% used [0x000000076af00000,0x000000076af00000,0x0000000770680000)
  from space 10752K, 0% used [0x0000000770b80000,0x0000000770b80000,0x0000000771600000)
  to   space 69632K, 0% used [0x0000000774a80000,0x0000000774a80000,0x0000000778e80000)
 ParOldGen       total 291840K, used 87314K [0x00000006c0c00000, 0x00000006d2900000, 0x000000076af00000)
  object space 291840K, 29% used [0x00000006c0c00000,0x00000006c6144948,0x00000006d2900000)
 Metaspace       used 27209K, capacity 28926K, committed 29184K, reserved 1075200K
  class space    used 3639K, capacity 3970K, committed 4096K, reserved 1048576K
}

