# JRE version: OpenJDK Runtime Environment (8.0_352-b08) (build 1.8.0_352-b08)
# Java VM: OpenJDK 64-Bit Server VM (25.352-b08 mixed mode windows-amd64 compressed oops)
Heap:
 PSYoungGen      total 76288K, used 31516K [0x000000076af00000, 0x0000000774400000, 0x00000007c0000000)
  eden space 65536K, 48% used [0x000000076af00000,0x000000076cdc7238,0x000000076ef00000)
  from space 10752K, 0% used [0x000000076f980000,0x000000076f980000,0x0000000770400000)
  to   space 10752K, 0% used [0x000000076ef00000,0x000000076ef00000,0x000000076f980000)
 ParOldGen       total 117760K, used 13338K [0x00000006c0c00000, 0x00000006c7f00000, 0x000000076af00000)
  object space 117760K, 11% used [0x00000006c0c00000,0x00000006c1906b60,0x00000006c7f00000)
 Metaspace       used 25374K, capacity 26816K, committed 26880K, reserved 1073152K
  class space    used 3510K, capacity 3783K, committed 3840K, reserved 1048576K
GC Heap History (6 events):
Event: 0.694 GC heap before
{Heap before GC invocations=1 (full 0):
 PSYoungGen      total 76288K, used 65536K [0x000000076af00000, 0x0000000770400000, 0x00000007c0000000)
  eden space 65536K, 100% used [0x000000076af00000,0x000000076ef00000,0x000000076ef00000)
  from space 10752K, 0% used [0x000000076f980000,0x000000076f980000,0x0000000770400000)
  to   space 10752K, 0% used [0x000000076ef00000,0x000000076ef00000,0x000000076f980000)
 ParOldGen       total 175104K, used 0K [0x00000006c0c00000, 0x00000006cb700000, 0x000000076af00000)
  object space 175104K, 0% used [0x00000006c0c00000,0x00000006c0c00000,0x00000006cb700000)
 Metaspace       used 17027K, capacity 17690K, committed 17920K, reserved 1064960K
  class space    used 2367K, capacity 2534K, committed 2560K, reserved 1048576K
Event: 0.699 GC heap after
Heap after GC invocations=1 (full 0):
 PSYoungGen      total 76288K, used 10751K [0x000000076af00000, 0x0000000770400000, 0x00000007c0000000)
  eden space 65536K, 0% used [0x000000076af00000,0x000000076af00000,0x000000076ef00000)
  from space 10752K, 99% used [0x000000076ef00000,0x000000076f97fc28,0x000000076f980000)
  to   space 10752K, 0% used [0x000000076f980000,0x000000076f980000,0x0000000770400000)
 ParOldGen       total 175104K, used 6596K [0x00000006c0c00000, 0x00000006cb700000, 0x000000076af00000)
  object space 175104K, 3% used [0x00000006c0c00000,0x00000006c12710a0,0x00000006cb700000)
 Metaspace       used 17027K, capacity 17690K, committed 17920K, reserved 1064960K
  class space    used 2367K, capacity 2534K, committed 2560K, reserved 1048576K
}
Event: 0.830 GC heap before
{Heap before GC invocations=2 (full 0):
 PSYoungGen      total 76288K, used 29090K [0x000000076af00000, 0x0000000770400000, 0x00000007c0000000)
  eden space 65536K, 27% used [0x000000076af00000,0x000000076c0e8be8,0x000000076ef00000)
  from space 10752K, 99% used [0x000000076ef00000,0x000000076f97fc28,0x000000076f980000)
  to   space 10752K, 0% used [0x000000076f980000,0x000000076f980000,0x0000000770400000)
 ParOldGen       total 175104K, used 6596K [0x00000006c0c00000, 0x00000006cb700000, 0x000000076af00000)
  object space 175104K, 3% used [0x00000006c0c00000,0x00000006c12710a0,0x00000006cb700000)
 Metaspace       used 20438K, capacity 21202K, committed 21296K, reserved 1067008K
  class space    used 2739K, capacity 2912K, committed 2944K, reserved 1048576K
Event: 0.833 GC heap after
Heap after GC invocations=2 (full 0):
 PSYoungGen      total 76288K, used 10736K [0x000000076af00000, 0x0000000774400000, 0x00000007c0000000)
  eden space 65536K, 0% used [0x000000076af00000,0x000000076af00000,0x000000076ef00000)
  from space 10752K, 99% used [0x000000076f980000,0x00000007703fc360,0x0000000770400000)
  to   space 10752K, 0% used [0x000000076ef00000,0x000000076ef00000,0x000000076f980000)
 ParOldGen       total 175104K, used 9266K [0x00000006c0c00000, 0x00000006cb700000, 0x000000076af00000)
  object space 175104K, 5% used [0x00000006c0c00000,0x00000006c150cab0,0x00000006cb700000)
 Metaspace       used 20438K, capacity 21202K, committed 21296K, reserved 1067008K
  class space    used 2739K, capacity 2912K, committed 2944K, reserved 1048576K
}
Event: 0.833 GC heap before
{Heap before GC invocations=3 (full 1):
 PSYoungGen      total 76288K, used 10736K [0x000000076af00000, 0x0000000774400000, 0x00000007c0000000)
  eden space 65536K, 0% used [0x000000076af00000,0x000000076af00000,0x000000076ef00000)
  from space 10752K, 99% used [0x000000076f980000,0x00000007703fc360,0x0000000770400000)
  to   space 10752K, 0% used [0x000000076ef00000,0x000000076ef00000,0x000000076f980000)
 ParOldGen       total 175104K, used 9266K [0x00000006c0c00000, 0x00000006cb700000, 0x000000076af00000)
  object space 175104K, 5% used [0x00000006c0c00000,0x00000006c150cab0,0x00000006cb700000)
 Metaspace       used 20438K, capacity 21202K, committed 21296K, reserved 1067008K
  class space    used 2739K, capacity 2912K, committed 2944K, reserved 1048576K
Event: 0.845 GC heap after
Heap after GC invocations=3 (full 1):
 PSYoungGen      total 76288K, used 0K [0x000000076af00000, 0x0000000774400000, 0x00000007c0000000)
  eden space 65536K, 0% used [0x000000076af00000,0x000000076af00000,0x000000076ef00000)
  from space 10752K, 0% used [0x000000076f980000,0x000000076f980000,0x0000000770400000)
  to   space 10752K, 0% used [0x000000076ef00000,0x000000076ef00000,0x000000076f980000)
 ParOldGen       total 117760K, used 13338K [0x00000006c0c00000, 0x00000006c7f00000, 0x000000076af00000)
  object space 117760K, 11% used [0x00000006c0c00000,0x00000006c1906b60,0x00000006c7f00000)
 Metaspace       used 20438K, capacity 21202K, committed 21296K, reserved 1067008K
  class space    used 2739K, capacity 2912K, committed 2944K, reserved 1048576K
}

