# JRE version: OpenJDK Runtime Environment (8.0_352-b08) (build 1.8.0_352-b08)
# Java VM: OpenJDK 64-Bit Server VM (25.352-b08 mixed mode windows-amd64 compressed oops)
Heap:
 PSYoungGen      total 76288K, used 32723K [0x000000076af00000, 0x0000000774400000, 0x00000007c0000000)
  eden space 65536K, 49% used [0x000000076af00000,0x000000076cef4e40,0x000000076ef00000)
  from space 10752K, 0% used [0x000000076f980000,0x000000076f980000,0x0000000770400000)
  to   space 10752K, 0% used [0x000000076ef00000,0x000000076ef00000,0x000000076f980000)
 ParOldGen       total 117248K, used 13361K [0x00000006c0c00000, 0x00000006c7e80000, 0x000000076af00000)
  object space 117248K, 11% used [0x00000006c0c00000,0x00000006c190c668,0x00000006c7e80000)
 Metaspace       used 25441K, capacity 26884K, committed 27136K, reserved 1073152K
  class space    used 3509K, capacity 3783K, committed 3840K, reserved 1048576K
GC Heap History (6 events):
Event: 0.667 GC heap before
{Heap before GC invocations=1 (full 0):
 PSYoungGen      total 76288K, used 63203K [0x000000076af00000, 0x0000000770400000, 0x00000007c0000000)
  eden space 65536K, 96% used [0x000000076af00000,0x000000076ecb8f80,0x000000076ef00000)
  from space 10752K, 0% used [0x000000076f980000,0x000000076f980000,0x0000000770400000)
  to   space 10752K, 0% used [0x000000076ef00000,0x000000076ef00000,0x000000076f980000)
 ParOldGen       total 175104K, used 0K [0x00000006c0c00000, 0x00000006cb700000, 0x000000076af00000)
  object space 175104K, 0% used [0x00000006c0c00000,0x00000006c0c00000,0x00000006cb700000)
 Metaspace       used 16967K, capacity 17688K, committed 17920K, reserved 1064960K
  class space    used 2363K, capacity 2533K, committed 2560K, reserved 1048576K
Event: 0.673 GC heap after
Heap after GC invocations=1 (full 0):
 PSYoungGen      total 76288K, used 10729K [0x000000076af00000, 0x0000000770400000, 0x00000007c0000000)
  eden space 65536K, 0% used [0x000000076af00000,0x000000076af00000,0x000000076ef00000)
  from space 10752K, 99% used [0x000000076ef00000,0x000000076f97a428,0x000000076f980000)
  to   space 10752K, 0% used [0x000000076f980000,0x000000076f980000,0x0000000770400000)
 ParOldGen       total 175104K, used 5072K [0x00000006c0c00000, 0x00000006cb700000, 0x000000076af00000)
  object space 175104K, 2% used [0x00000006c0c00000,0x00000006c10f4298,0x00000006cb700000)
 Metaspace       used 16967K, capacity 17688K, committed 17920K, reserved 1064960K
  class space    used 2363K, capacity 2533K, committed 2560K, reserved 1048576K
}
Event: 0.815 GC heap before
{Heap before GC invocations=2 (full 0):
 PSYoungGen      total 76288K, used 32173K [0x000000076af00000, 0x0000000770400000, 0x00000007c0000000)
  eden space 65536K, 32% used [0x000000076af00000,0x000000076c3f1230,0x000000076ef00000)
  from space 10752K, 99% used [0x000000076ef00000,0x000000076f97a428,0x000000076f980000)
  to   space 10752K, 0% used [0x000000076f980000,0x000000076f980000,0x0000000770400000)
 ParOldGen       total 175104K, used 5072K [0x00000006c0c00000, 0x00000006cb700000, 0x000000076af00000)
  object space 175104K, 2% used [0x00000006c0c00000,0x00000006c10f4298,0x00000006cb700000)
 Metaspace       used 20445K, capacity 21202K, committed 21296K, reserved 1067008K
  class space    used 2744K, capacity 2912K, committed 2944K, reserved 1048576K
Event: 0.818 GC heap after
Heap after GC invocations=2 (full 0):
 PSYoungGen      total 76288K, used 10720K [0x000000076af00000, 0x0000000774400000, 0x00000007c0000000)
  eden space 65536K, 0% used [0x000000076af00000,0x000000076af00000,0x000000076ef00000)
  from space 10752K, 99% used [0x000000076f980000,0x00000007703f8350,0x0000000770400000)
  to   space 10752K, 0% used [0x000000076ef00000,0x000000076ef00000,0x000000076f980000)
 ParOldGen       total 175104K, used 7786K [0x00000006c0c00000, 0x00000006cb700000, 0x000000076af00000)
  object space 175104K, 4% used [0x00000006c0c00000,0x00000006c139a870,0x00000006cb700000)
 Metaspace       used 20445K, capacity 21202K, committed 21296K, reserved 1067008K
  class space    used 2744K, capacity 2912K, committed 2944K, reserved 1048576K
}
Event: 0.818 GC heap before
{Heap before GC invocations=3 (full 1):
 PSYoungGen      total 76288K, used 10720K [0x000000076af00000, 0x0000000774400000, 0x00000007c0000000)
  eden space 65536K, 0% used [0x000000076af00000,0x000000076af00000,0x000000076ef00000)
  from space 10752K, 99% used [0x000000076f980000,0x00000007703f8350,0x0000000770400000)
  to   space 10752K, 0% used [0x000000076ef00000,0x000000076ef00000,0x000000076f980000)
 ParOldGen       total 175104K, used 7786K [0x00000006c0c00000, 0x00000006cb700000, 0x000000076af00000)
  object space 175104K, 4% used [0x00000006c0c00000,0x00000006c139a870,0x00000006cb700000)
 Metaspace       used 20445K, capacity 21202K, committed 21296K, reserved 1067008K
  class space    used 2744K, capacity 2912K, committed 2944K, reserved 1048576K
Event: 0.830 GC heap after
Heap after GC invocations=3 (full 1):
 PSYoungGen      total 76288K, used 0K [0x000000076af00000, 0x0000000774400000, 0x00000007c0000000)
  eden space 65536K, 0% used [0x000000076af00000,0x000000076af00000,0x000000076ef00000)
  from space 10752K, 0% used [0x000000076f980000,0x000000076f980000,0x0000000770400000)
  to   space 10752K, 0% used [0x000000076ef00000,0x000000076ef00000,0x000000076f980000)
 ParOldGen       total 117248K, used 13361K [0x00000006c0c00000, 0x00000006c7e80000, 0x000000076af00000)
  object space 117248K, 11% used [0x00000006c0c00000,0x00000006c190c668,0x00000006c7e80000)
 Metaspace       used 20445K, capacity 21202K, committed 21296K, reserved 1067008K
  class space    used 2744K, capacity 2912K, committed 2944K, reserved 1048576K
}

